<?xml version="1.0" encoding="UTF-8"?>
<testsuite name="com.raminagrobis.centraleachat.User.CreateUserTest" tests="2" skipped="0" failures="0" errors="0" timestamp="2023-03-10T09:47:43" hostname="0F6E9MN5UGMVC" time="0.101">
  <properties/>
  <testcase name="createAUserWithNonUniqueEmailMustThrowException()" classname="com.raminagrobis.centraleachat.User.CreateUserTest" time="0.094"/>
  <testcase name="createAUserShouldSaveItOnceWithCorrectProperties()" classname="com.raminagrobis.centraleachat.User.CreateUserTest" time="0.006"/>
  <system-out><![CDATA[]]></system-out>
  <system-err><![CDATA[]]></system-err>
</testsuite>
